# JRE version: OpenJDK Runtime Environment (8.0_242-b01) (build 1.8.0_242-release-1644-b01)
# Java VM: OpenJDK 64-Bit Server VM (25.242-b01 mixed mode windows-amd64 compressed oops)
Heap:
 PSYoungGen      total 105472K, used 8681K [0x00000000d5580000, 0x00000000dc800000, 0x0000000100000000)
  eden space 93696K, 1% used [0x00000000d5580000,0x00000000d571df88,0x00000000db100000)
  from space 11776K, 59% used [0x00000000db100000,0x00000000db7dc5c8,0x00000000dbc80000)
  to   space 11264K, 0% used [0x00000000dbd00000,0x00000000dbd00000,0x00000000dc800000)
 ParOldGen       total 76800K, used 14433K [0x0000000080000000, 0x0000000084b00000, 0x00000000d5580000)
  object space 76800K, 18% used [0x0000000080000000,0x0000000080e186a0,0x0000000084b00000)
 Metaspace       used 37316K, capacity 39002K, committed 39080K, reserved 1083392K
  class space    used 5158K, capacity 5517K, committed 5552K, reserved 1048576K
GC Heap History (10 events):
Event: 5.543 GC heap before
{Heap before GC invocations=9 (full 1):
 PSYoungGen      total 75776K, used 64512K [0x00000000d5580000, 0x00000000dab80000, 0x0000000100000000)
  eden space 64512K, 100% used [0x00000000d5580000,0x00000000d9480000,0x00000000d9480000)
  from space 11264K, 0% used [0x00000000d9480000,0x00000000d9480000,0x00000000d9f80000)
  to   space 10240K, 0% used [0x00000000d9f80000,0x00000000d9f80000,0x00000000da980000)
 ParOldGen       total 49664K, used 6734K [0x0000000080000000, 0x0000000083080000, 0x00000000d5580000)
  object space 49664K, 13% used [0x0000000080000000,0x00000000806938b0,0x0000000083080000)
 Metaspace       used 28551K, capacity 29428K, committed 29616K, reserved 1075200K
  class space    used 3956K, capacity 4188K, committed 4272K, reserved 1048576K
Event: 5.552 GC heap after
Heap after GC invocations=9 (full 1):
 PSYoungGen      total 74752K, used 8361K [0x00000000d5580000, 0x00000000ddc80000, 0x0000000100000000)
  eden space 64512K, 0% used [0x00000000d5580000,0x00000000d5580000,0x00000000d9480000)
  from space 10240K, 81% used [0x00000000d9f80000,0x00000000da7aa568,0x00000000da980000)
  to   space 11264K, 0% used [0x00000000d9480000,0x00000000d9480000,0x00000000d9f80000)
 ParOldGen       total 49664K, used 6742K [0x0000000080000000, 0x0000000083080000, 0x00000000d5580000)
  object space 49664K, 13% used [0x0000000080000000,0x00000000806958b0,0x0000000083080000)
 Metaspace       used 28551K, capacity 29428K, committed 29616K, reserved 1075200K
  class space    used 3956K, capacity 4188K, committed 4272K, reserved 1048576K
}
Event: 6.506 GC heap before
{Heap before GC invocations=10 (full 1):
 PSYoungGen      total 74752K, used 72873K [0x00000000d5580000, 0x00000000ddc80000, 0x0000000100000000)
  eden space 64512K, 100% used [0x00000000d5580000,0x00000000d9480000,0x00000000d9480000)
  from space 10240K, 81% used [0x00000000d9f80000,0x00000000da7aa568,0x00000000da980000)
  to   space 11264K, 0% used [0x00000000d9480000,0x00000000d9480000,0x00000000d9f80000)
 ParOldGen       total 49664K, used 6742K [0x0000000080000000, 0x0000000083080000, 0x00000000d5580000)
  object space 49664K, 13% used [0x0000000080000000,0x00000000806958b0,0x0000000083080000)
 Metaspace       used 32746K, capacity 33786K, committed 33968K, reserved 1079296K
  class space    used 4478K, capacity 4751K, committed 4784K, reserved 1048576K
Event: 6.518 GC heap after
Heap after GC invocations=10 (full 1):
 PSYoungGen      total 75776K, used 9140K [0x00000000d5580000, 0x00000000dc880000, 0x0000000100000000)
  eden space 64512K, 0% used [0x00000000d5580000,0x00000000d5580000,0x00000000d9480000)
  from space 11264K, 81% used [0x00000000d9480000,0x00000000d9d6d230,0x00000000d9f80000)
  to   space 11776K, 0% used [0x00000000dbd00000,0x00000000dbd00000,0x00000000dc880000)
 ParOldGen       total 49664K, used 6750K [0x0000000080000000, 0x0000000083080000, 0x00000000d5580000)
  object space 49664K, 13% used [0x0000000080000000,0x00000000806978b0,0x0000000083080000)
 Metaspace       used 32746K, capacity 33786K, committed 33968K, reserved 1079296K
  class space    used 4478K, capacity 4751K, committed 4784K, reserved 1048576K
}
Event: 6.862 GC heap before
{Heap before GC invocations=11 (full 1):
 PSYoungGen      total 75776K, used 38421K [0x00000000d5580000, 0x00000000dc880000, 0x0000000100000000)
  eden space 64512K, 45% used [0x00000000d5580000,0x00000000d7218480,0x00000000d9480000)
  from space 11264K, 81% used [0x00000000d9480000,0x00000000d9d6d230,0x00000000d9f80000)
  to   space 11776K, 0% used [0x00000000dbd00000,0x00000000dbd00000,0x00000000dc880000)
 ParOldGen       total 49664K, used 6750K [0x0000000080000000, 0x0000000083080000, 0x00000000d5580000)
  object space 49664K, 13% used [0x0000000080000000,0x00000000806978b0,0x0000000083080000)
 Metaspace       used 34271K, capacity 35398K, committed 35496K, reserved 1079296K
  class space    used 4719K, capacity 5002K, committed 5040K, reserved 1048576K
Event: 6.873 GC heap after
Heap after GC invocations=11 (full 1):
 PSYoungGen      total 104960K, used 5059K [0x00000000d5580000, 0x00000000dc800000, 0x0000000100000000)
  eden space 93696K, 0% used [0x00000000d5580000,0x00000000d5580000,0x00000000db100000)
  from space 11264K, 44% used [0x00000000dbd00000,0x00000000dc1f0f40,0x00000000dc800000)
  to   space 11776K, 0% used [0x00000000db100000,0x00000000db100000,0x00000000dbc80000)
 ParOldGen       total 49664K, used 9912K [0x0000000080000000, 0x0000000083080000, 0x00000000d5580000)
  object space 49664K, 19% used [0x0000000080000000,0x00000000809ae320,0x0000000083080000)
 Metaspace       used 34271K, capacity 35398K, committed 35496K, reserved 1079296K
  class space    used 4719K, capacity 5002K, committed 5040K, reserved 1048576K
}
Event: 6.873 GC heap before
{Heap before GC invocations=12 (full 2):
 PSYoungGen      total 104960K, used 5059K [0x00000000d5580000, 0x00000000dc800000, 0x0000000100000000)
  eden space 93696K, 0% used [0x00000000d5580000,0x00000000d5580000,0x00000000db100000)
  from space 11264K, 44% used [0x00000000dbd00000,0x00000000dc1f0f40,0x00000000dc800000)
  to   space 11776K, 0% used [0x00000000db100000,0x00000000db100000,0x00000000dbc80000)
 ParOldGen       total 49664K, used 9912K [0x0000000080000000, 0x0000000083080000, 0x00000000d5580000)
  object space 49664K, 19% used [0x0000000080000000,0x00000000809ae320,0x0000000083080000)
 Metaspace       used 34271K, capacity 35398K, committed 35496K, reserved 1079296K
  class space    used 4719K, capacity 5002K, committed 5040K, reserved 1048576K
Event: 6.995 GC heap after
Heap after GC invocations=12 (full 2):
 PSYoungGen      total 104960K, used 0K [0x00000000d5580000, 0x00000000dc800000, 0x0000000100000000)
  eden space 93696K, 0% used [0x00000000d5580000,0x00000000d5580000,0x00000000db100000)
  from space 11264K, 0% used [0x00000000dbd00000,0x00000000dbd00000,0x00000000dc800000)
  to   space 11776K, 0% used [0x00000000db100000,0x00000000db100000,0x00000000dbc80000)
 ParOldGen       total 76800K, used 14425K [0x0000000080000000, 0x0000000084b00000, 0x00000000d5580000)
  object space 76800K, 18% used [0x0000000080000000,0x0000000080e166a0,0x0000000084b00000)
 Metaspace       used 34271K, capacity 35398K, committed 35496K, reserved 1079296K
  class space    used 4719K, capacity 5002K, committed 5040K, reserved 1048576K
}
Event: 8.103 GC heap before
{Heap before GC invocations=13 (full 2):
 PSYoungGen      total 104960K, used 93696K [0x00000000d5580000, 0x00000000dc800000, 0x0000000100000000)
  eden space 93696K, 100% used [0x00000000d5580000,0x00000000db100000,0x00000000db100000)
  from space 11264K, 0% used [0x00000000dbd00000,0x00000000dbd00000,0x00000000dc800000)
  to   space 11776K, 0% used [0x00000000db100000,0x00000000db100000,0x00000000dbc80000)
 ParOldGen       total 76800K, used 14425K [0x0000000080000000, 0x0000000084b00000, 0x00000000d5580000)
  object space 76800K, 18% used [0x0000000080000000,0x0000000080e166a0,0x0000000084b00000)
 Metaspace       used 37190K, capacity 38906K, committed 39080K, reserved 1083392K
  class space    used 5142K, capacity 5485K, committed 5552K, reserved 1048576K
Event: 8.113 GC heap after
Heap after GC invocations=13 (full 2):
 PSYoungGen      total 105472K, used 7025K [0x00000000d5580000, 0x00000000dc800000, 0x0000000100000000)
  eden space 93696K, 0% used [0x00000000d5580000,0x00000000d5580000,0x00000000db100000)
  from space 11776K, 59% used [0x00000000db100000,0x00000000db7dc5c8,0x00000000dbc80000)
  to   space 11264K, 0% used [0x00000000dbd00000,0x00000000dbd00000,0x00000000dc800000)
 ParOldGen       total 76800K, used 14433K [0x0000000080000000, 0x0000000084b00000, 0x00000000d5580000)
  object space 76800K, 18% used [0x0000000080000000,0x0000000080e186a0,0x0000000084b00000)
 Metaspace       used 37190K, capacity 38906K, committed 39080K, reserved 1083392K
  class space    used 5142K, capacity 5485K, committed 5552K, reserved 1048576K
}

