# JRE version: OpenJDK Runtime Environment (8.0_242-b01) (build 1.8.0_242-release-1644-b01)
# Java VM: OpenJDK 64-Bit Server VM (25.242-b01 mixed mode windows-amd64 compressed oops)
Heap:
 PSYoungGen      total 109056K, used 14500K [0x00000000d5580000, 0x00000000dcb80000, 0x0000000100000000)
  eden space 97280K, 8% used [0x00000000d5580000,0x00000000d5d1caa0,0x00000000db480000)
  from space 11776K, 56% used [0x00000000db480000,0x00000000dbb0c8f8,0x00000000dc000000)
  to   space 11264K, 0% used [0x00000000dc080000,0x00000000dc080000,0x00000000dcb80000)
 ParOldGen       total 73728K, used 14533K [0x0000000080000000, 0x0000000084800000, 0x00000000d5580000)
  object space 73728K, 19% used [0x0000000080000000,0x0000000080e31540,0x0000000084800000)
 Metaspace       used 37790K, capacity 39498K, committed 39720K, reserved 1083392K
  class space    used 5229K, capacity 5591K, committed 5680K, reserved 1048576K
GC Heap History (10 events):
Event: 4.909 GC heap before
{Heap before GC invocations=9 (full 1):
 PSYoungGen      total 75776K, used 65024K [0x00000000d5580000, 0x00000000daa80000, 0x0000000100000000)
  eden space 65024K, 100% used [0x00000000d5580000,0x00000000d9500000,0x00000000d9500000)
  from space 10752K, 0% used [0x00000000d9500000,0x00000000d9500000,0x00000000d9f80000)
  to   space 10240K, 0% used [0x00000000d9f80000,0x00000000d9f80000,0x00000000da980000)
 ParOldGen       total 47104K, used 6732K [0x0000000080000000, 0x0000000082e00000, 0x00000000d5580000)
  object space 47104K, 14% used [0x0000000080000000,0x00000000806932a8,0x0000000082e00000)
 Metaspace       used 28654K, capacity 29524K, committed 29616K, reserved 1075200K
  class space    used 3974K, capacity 4220K, committed 4272K, reserved 1048576K
Event: 4.913 GC heap after
Heap after GC invocations=9 (full 1):
 PSYoungGen      total 74752K, used 8330K [0x00000000d5580000, 0x00000000de200000, 0x0000000100000000)
  eden space 64512K, 0% used [0x00000000d5580000,0x00000000d5580000,0x00000000d9480000)
  from space 10240K, 81% used [0x00000000d9f80000,0x00000000da7a2950,0x00000000da980000)
  to   space 11264K, 0% used [0x00000000d9480000,0x00000000d9480000,0x00000000d9f80000)
 ParOldGen       total 47104K, used 6740K [0x0000000080000000, 0x0000000082e00000, 0x00000000d5580000)
  object space 47104K, 14% used [0x0000000080000000,0x00000000806952a8,0x0000000082e00000)
 Metaspace       used 28654K, capacity 29524K, committed 29616K, reserved 1075200K
  class space    used 3974K, capacity 4220K, committed 4272K, reserved 1048576K
}
Event: 5.373 GC heap before
{Heap before GC invocations=10 (full 1):
 PSYoungGen      total 74752K, used 72842K [0x00000000d5580000, 0x00000000de200000, 0x0000000100000000)
  eden space 64512K, 100% used [0x00000000d5580000,0x00000000d9480000,0x00000000d9480000)
  from space 10240K, 81% used [0x00000000d9f80000,0x00000000da7a2950,0x00000000da980000)
  to   space 11264K, 0% used [0x00000000d9480000,0x00000000d9480000,0x00000000d9f80000)
 ParOldGen       total 47104K, used 6740K [0x0000000080000000, 0x0000000082e00000, 0x00000000d5580000)
  object space 47104K, 14% used [0x0000000080000000,0x00000000806952a8,0x0000000082e00000)
 Metaspace       used 32796K, capacity 33786K, committed 33968K, reserved 1079296K
  class space    used 4485K, capacity 4751K, committed 4784K, reserved 1048576K
Event: 5.382 GC heap after
Heap after GC invocations=10 (full 1):
 PSYoungGen      total 75776K, used 9156K [0x00000000d5580000, 0x00000000dcc00000, 0x0000000100000000)
  eden space 64512K, 0% used [0x00000000d5580000,0x00000000d5580000,0x00000000d9480000)
  from space 11264K, 81% used [0x00000000d9480000,0x00000000d9d71220,0x00000000d9f80000)
  to   space 11776K, 0% used [0x00000000dc080000,0x00000000dc080000,0x00000000dcc00000)
 ParOldGen       total 47104K, used 6748K [0x0000000080000000, 0x0000000082e00000, 0x00000000d5580000)
  object space 47104K, 14% used [0x0000000080000000,0x00000000806972a8,0x0000000082e00000)
 Metaspace       used 32796K, capacity 33786K, committed 33968K, reserved 1079296K
  class space    used 4485K, capacity 4751K, committed 4784K, reserved 1048576K
}
Event: 5.590 GC heap before
{Heap before GC invocations=11 (full 1):
 PSYoungGen      total 75776K, used 38493K [0x00000000d5580000, 0x00000000dcc00000, 0x0000000100000000)
  eden space 64512K, 45% used [0x00000000d5580000,0x00000000d7226448,0x00000000d9480000)
  from space 11264K, 81% used [0x00000000d9480000,0x00000000d9d71220,0x00000000d9f80000)
  to   space 11776K, 0% used [0x00000000dc080000,0x00000000dc080000,0x00000000dcc00000)
 ParOldGen       total 47104K, used 6748K [0x0000000080000000, 0x0000000082e00000, 0x00000000d5580000)
  object space 47104K, 14% used [0x0000000080000000,0x00000000806972a8,0x0000000082e00000)
 Metaspace       used 34333K, capacity 35404K, committed 35496K, reserved 1079296K
  class space    used 4731K, capacity 5003K, committed 5040K, reserved 1048576K
Event: 5.597 GC heap after
Heap after GC invocations=11 (full 1):
 PSYoungGen      total 108544K, used 5039K [0x00000000d5580000, 0x00000000dcb80000, 0x0000000100000000)
  eden space 97280K, 0% used [0x00000000d5580000,0x00000000d5580000,0x00000000db480000)
  from space 11264K, 44% used [0x00000000dc080000,0x00000000dc56bf00,0x00000000dcb80000)
  to   space 11776K, 0% used [0x00000000db480000,0x00000000db480000,0x00000000dc000000)
 ParOldGen       total 47104K, used 9969K [0x0000000080000000, 0x0000000082e00000, 0x00000000d5580000)
  object space 47104K, 21% used [0x0000000080000000,0x00000000809bc590,0x0000000082e00000)
 Metaspace       used 34333K, capacity 35404K, committed 35496K, reserved 1079296K
  class space    used 4731K, capacity 5003K, committed 5040K, reserved 1048576K
}
Event: 5.597 GC heap before
{Heap before GC invocations=12 (full 2):
 PSYoungGen      total 108544K, used 5039K [0x00000000d5580000, 0x00000000dcb80000, 0x0000000100000000)
  eden space 97280K, 0% used [0x00000000d5580000,0x00000000d5580000,0x00000000db480000)
  from space 11264K, 44% used [0x00000000dc080000,0x00000000dc56bf00,0x00000000dcb80000)
  to   space 11776K, 0% used [0x00000000db480000,0x00000000db480000,0x00000000dc000000)
 ParOldGen       total 47104K, used 9969K [0x0000000080000000, 0x0000000082e00000, 0x00000000d5580000)
  object space 47104K, 21% used [0x0000000080000000,0x00000000809bc590,0x0000000082e00000)
 Metaspace       used 34333K, capacity 35404K, committed 35496K, reserved 1079296K
  class space    used 4731K, capacity 5003K, committed 5040K, reserved 1048576K
Event: 5.687 GC heap after
Heap after GC invocations=12 (full 2):
 PSYoungGen      total 108544K, used 0K [0x00000000d5580000, 0x00000000dcb80000, 0x0000000100000000)
  eden space 97280K, 0% used [0x00000000d5580000,0x00000000d5580000,0x00000000db480000)
  from space 11264K, 0% used [0x00000000dc080000,0x00000000dc080000,0x00000000dcb80000)
  to   space 11776K, 0% used [0x00000000db480000,0x00000000db480000,0x00000000dc000000)
 ParOldGen       total 73728K, used 14525K [0x0000000080000000, 0x0000000084800000, 0x00000000d5580000)
  object space 73728K, 19% used [0x0000000080000000,0x0000000080e2f540,0x0000000084800000)
 Metaspace       used 34333K, capacity 35404K, committed 35496K, reserved 1079296K
  class space    used 4731K, capacity 5003K, committed 5040K, reserved 1048576K
}
Event: 6.477 GC heap before
{Heap before GC invocations=13 (full 2):
 PSYoungGen      total 108544K, used 97280K [0x00000000d5580000, 0x00000000dcb80000, 0x0000000100000000)
  eden space 97280K, 100% used [0x00000000d5580000,0x00000000db480000,0x00000000db480000)
  from space 11264K, 0% used [0x00000000dc080000,0x00000000dc080000,0x00000000dcb80000)
  to   space 11776K, 0% used [0x00000000db480000,0x00000000db480000,0x00000000dc000000)
 ParOldGen       total 73728K, used 14525K [0x0000000080000000, 0x0000000084800000, 0x00000000d5580000)
  object space 73728K, 19% used [0x0000000080000000,0x0000000080e2f540,0x0000000084800000)
 Metaspace       used 37069K, capacity 38778K, committed 39080K, reserved 1083392K
  class space    used 5117K, capacity 5456K, committed 5552K, reserved 1048576K
Event: 6.484 GC heap after
Heap after GC invocations=13 (full 2):
 PSYoungGen      total 109056K, used 6706K [0x00000000d5580000, 0x00000000dcb80000, 0x0000000100000000)
  eden space 97280K, 0% used [0x00000000d5580000,0x00000000d5580000,0x00000000db480000)
  from space 11776K, 56% used [0x00000000db480000,0x00000000dbb0c8f8,0x00000000dc000000)
  to   space 11264K, 0% used [0x00000000dc080000,0x00000000dc080000,0x00000000dcb80000)
 ParOldGen       total 73728K, used 14533K [0x0000000080000000, 0x0000000084800000, 0x00000000d5580000)
  object space 73728K, 19% used [0x0000000080000000,0x0000000080e31540,0x0000000084800000)
 Metaspace       used 37069K, capacity 38778K, committed 39080K, reserved 1083392K
  class space    used 5117K, capacity 5456K, committed 5552K, reserved 1048576K
}

